Selecte seed set by approx-Benders
g is a DAG: False
****************************************************************************************
Solve the MIP problem using Benders Decomposition
Benders' cuts separated to cut off:  Only integer infeasible solutions.
Lazy constraint(s) or lazy constraint callback is present.
    Disabling dual reductions (CPX_PARAM_REDUCE) in presolve.
    Disabling non-linear reductions (CPX_PARAM_PRELINEAR) in presolve.
Selecte seed set by approx-Benders
g is a DAG: False
****************************************************************************************
Solve the MIP problem using Benders Decomposition
Benders' cuts separated to cut off:  Only integer infeasible solutions.
Lazy constraint(s) or lazy constraint callback is present.
    Disabling dual reductions (CPX_PARAM_REDUCE) in presolve.
    Disabling non-linear reductions (CPX_PARAM_PRELINEAR) in presolve.
MIP emphasis: balance optimality and feasibility.
MIP search method: traditional branch-and-cut.
Parallel mode: none, using 1 thread.
MIP emphasis: balance optimality and feasibility.
MIP search method: traditional branch-and-cut.
Parallel mode: none, using 1 thread.
Selecte seed set by approx-Benders
g is a DAG: False
****************************************************************************************
Solve the MIP problem using Benders Decomposition
Benders' cuts separated to cut off:  Only integer infeasible solutions.
Lazy constraint(s) or lazy constraint callback is present.
    Disabling dual reductions (CPX_PARAM_REDUCE) in presolve.
    Disabling non-linear reductions (CPX_PARAM_PRELINEAR) in presolve.
MIP emphasis: balance optimality and feasibility.
MIP search method: traditional branch-and-cut.
Parallel mode: none, using 1 thread.
Root relaxation solution time = 0.58 sec. (254.03 ticks)

        Nodes                                         Cuts/
   Node  Left     Objective  IInf  Best Integer    Best Bound    ItCnt     Gap         Variable B NodeID Parent  Depth

      0     0    15501.2988    16                  15501.2988    15616         
Root relaxation solution time = 0.56 sec. (257.99 ticks)

        Nodes                                         Cuts/
   Node  Left     Objective  IInf  Best Integer    Best Bound    ItCnt     Gap         Variable B NodeID Parent  Depth

      0     0    15579.3818    18                  15579.3818    15617         
Selecte seed set by approx-Benders
g is a DAG: False
****************************************************************************************
Solve the MIP problem using Benders Decomposition
Benders' cuts separated to cut off:  Only integer infeasible solutions.
Lazy constraint(s) or lazy constraint callback is present.
    Disabling dual reductions (CPX_PARAM_REDUCE) in presolve.
    Disabling non-linear reductions (CPX_PARAM_PRELINEAR) in presolve.
MIP emphasis: balance optimality and feasibility.
MIP search method: traditional branch-and-cut.
Parallel mode: none, using 1 thread.
Selecte seed set by approx-Benders
g is a DAG: False
****************************************************************************************
Solve the MIP problem using Benders Decomposition
Benders' cuts separated to cut off:  Only integer infeasible solutions.
Lazy constraint(s) or lazy constraint callback is present.
    Disabling dual reductions (CPX_PARAM_REDUCE) in presolve.
    Disabling non-linear reductions (CPX_PARAM_PRELINEAR) in presolve.
Root relaxation solution time = 0.65 sec. (254.03 ticks)

        Nodes                                         Cuts/
   Node  Left     Objective  IInf  Best Integer    Best Bound    ItCnt     Gap         Variable B NodeID Parent  Depth

      0     0    15501.2988    16                  15501.2988    15616         
MIP emphasis: balance optimality and feasibility.
MIP search method: traditional branch-and-cut.
Parallel mode: none, using 1 thread.
Selecte seed set by approx-Benders
g is a DAG: False
****************************************************************************************
Solve the MIP problem using Benders Decomposition
Benders' cuts separated to cut off:  Only integer infeasible solutions.
Lazy constraint(s) or lazy constraint callback is present.
    Disabling dual reductions (CPX_PARAM_REDUCE) in presolve.
    Disabling non-linear reductions (CPX_PARAM_PRELINEAR) in presolve.
MIP emphasis: balance optimality and feasibility.
MIP search method: traditional branch-and-cut.
Parallel mode: none, using 1 thread.
Selecte seed set by approx-Benders
g is a DAG: False
****************************************************************************************
Solve the MIP problem using Benders Decomposition
Benders' cuts separated to cut off:  Only integer infeasible solutions.
Lazy constraint(s) or lazy constraint callback is present.
    Disabling dual reductions (CPX_PARAM_REDUCE) in presolve.
    Disabling non-linear reductions (CPX_PARAM_PRELINEAR) in presolve.
Root relaxation solution time = 0.56 sec. (191.96 ticks)
Root relaxation solution time = 0.76 sec. (212.32 ticks)

        Nodes                                         Cuts/
   Node  Left     Objective  IInf  Best Integer    Best Bound    ItCnt     Gap         Variable B NodeID Parent  Depth

      0     0    15375.9924     6                  15375.9924    15511         

        Nodes                                         Cuts/
   Node  Left     Objective  IInf  Best Integer    Best Bound    ItCnt     Gap         Variable B NodeID Parent  Depth

      0     0    15331.2656     3                  15331.2656    15459         
MIP emphasis: balance optimality and feasibility.
MIP search method: traditional branch-and-cut.
Parallel mode: none, using 1 thread.
Selecte seed set by approx-Benders
g is a DAG: False
****************************************************************************************
Solve the MIP problem using Benders Decomposition
Benders' cuts separated to cut off:  Only integer infeasible solutions.
Selecte seed set by approx-Benders
g is a DAG: False
****************************************************************************************
Solve the MIP problem using Benders Decomposition
Benders' cuts separated to cut off:  Only integer infeasible solutions.
Lazy constraint(s) or lazy constraint callback is present.
    Disabling dual reductions (CPX_PARAM_REDUCE) in presolve.
    Disabling non-linear reductions (CPX_PARAM_PRELINEAR) in presolve.
Lazy constraint(s) or lazy constraint callback is present.
    Disabling dual reductions (CPX_PARAM_REDUCE) in presolve.
    Disabling non-linear reductions (CPX_PARAM_PRELINEAR) in presolve.
Selecte seed set by approx-Benders
g is a DAG: False
****************************************************************************************
Solve the MIP problem using Benders Decomposition
Benders' cuts separated to cut off:  Only integer infeasible solutions.
Lazy constraint(s) or lazy constraint callback is present.
    Disabling dual reductions (CPX_PARAM_REDUCE) in presolve.
    Disabling non-linear reductions (CPX_PARAM_PRELINEAR) in presolve.
MIP emphasis: balance optimality and feasibility.
MIP search method: traditional branch-and-cut.
Parallel mode: none, using 1 thread.
MIP emphasis: balance optimality and feasibility.
MIP search method: traditional branch-and-cut.
Parallel mode: none, using 1 thread.
MIP emphasis: balance optimality and feasibility.
MIP search method: traditional branch-and-cut.
Parallel mode: none, using 1 thread.
Selecte seed set by approx-Benders
g is a DAG: False
****************************************************************************************
Solve the MIP problem using Benders Decomposition
Benders' cuts separated to cut off:  Only integer infeasible solutions.
Lazy constraint(s) or lazy constraint callback is present.
    Disabling dual reductions (CPX_PARAM_REDUCE) in presolve.
    Disabling non-linear reductions (CPX_PARAM_PRELINEAR) in presolve.
Selecte seed set by approx-Benders
g is a DAG: False
****************************************************************************************
Solve the MIP problem using Benders Decomposition
Benders' cuts separated to cut off:  Only integer infeasible solutions.
Lazy constraint(s) or lazy constraint callback is present.
    Disabling dual reductions (CPX_PARAM_REDUCE) in presolve.
    Disabling non-linear reductions (CPX_PARAM_PRELINEAR) in presolve.
MIP emphasis: balance optimality and feasibility.
MIP search method: traditional branch-and-cut.
Parallel mode: none, using 1 thread.
Selecte seed set by approx-Benders
g is a DAG: False
****************************************************************************************
Solve the MIP problem using Benders Decomposition
Benders' cuts separated to cut off:  Only integer infeasible solutions.
Lazy constraint(s) or lazy constraint callback is present.
    Disabling dual reductions (CPX_PARAM_REDUCE) in presolve.
    Disabling non-linear reductions (CPX_PARAM_PRELINEAR) in presolve.
MIP emphasis: balance optimality and feasibility.
MIP search method: traditional branch-and-cut.
Parallel mode: none, using 1 thread.
Root relaxation solution time = 0.81 sec. (191.96 ticks)

        Nodes                                         Cuts/
   Node  Left     Objective  IInf  Best Integer    Best Bound    ItCnt     Gap         Variable B NodeID Parent  Depth

      0     0    15331.2656     3                  15331.2656    15459         
MIP emphasis: balance optimality and feasibility.
MIP search method: traditional branch-and-cut.
Parallel mode: none, using 1 thread.
Root relaxation solution time = 0.37 sec. (168.63 ticks)
Selecte seed set by approx-Benders
g is a DAG: False
****************************************************************************************
Solve the MIP problem using Benders Decomposition
Benders' cuts separated to cut off:  Only integer infeasible solutions.
Lazy constraint(s) or lazy constraint callback is present.
    Disabling dual reductions (CPX_PARAM_REDUCE) in presolve.
    Disabling non-linear reductions (CPX_PARAM_PRELINEAR) in presolve.
Selecte seed set by approx-Benders
g is a DAG: False
****************************************************************************************
Solve the MIP problem using Benders Decomposition
Benders' cuts separated to cut off:  Only integer infeasible solutions.
Lazy constraint(s) or lazy constraint callback is present.
    Disabling dual reductions (CPX_PARAM_REDUCE) in presolve.
    Disabling non-linear reductions (CPX_PARAM_PRELINEAR) in presolve.
Root relaxation solution time = 0.71 sec. (273.67 ticks)
MIP emphasis: balance optimality and feasibility.
MIP search method: traditional branch-and-cut.
Parallel mode: none, using 1 thread.

        Nodes                                         Cuts/
   Node  Left     Objective  IInf  Best Integer    Best Bound    ItCnt     Gap         Variable B NodeID Parent  Depth

      0     0    15654.3820    26                  15654.3820    15637         
Selecte seed set by approx-Benders
g is a DAG: False
****************************************************************************************
Solve the MIP problem using Benders Decomposition
Benders' cuts separated to cut off:  Only integer infeasible solutions.
MIP emphasis: balance optimality and feasibility.
MIP search method: traditional branch-and-cut.
Parallel mode: none, using 1 thread.
Lazy constraint(s) or lazy constraint callback is present.
    Disabling dual reductions (CPX_PARAM_REDUCE) in presolve.
    Disabling non-linear reductions (CPX_PARAM_PRELINEAR) in presolve.
Root relaxation solution time = 1.42 sec. (254.03 ticks)

        Nodes                                         Cuts/
   Node  Left     Objective  IInf  Best Integer    Best Bound    ItCnt     Gap         Variable B NodeID Parent  Depth

      0     0    15501.2988    16                  15501.2988    15616         
Root relaxation solution time = 0.80 sec. (241.86 ticks)

        Nodes                                         Cuts/
   Node  Left     Objective  IInf  Best Integer    Best Bound    ItCnt     Gap         Variable B NodeID Parent  Depth

      0     0    15460.7126    10                  15460.7126    15607         
Selecte seed set by approx-Benders
g is a DAG: False
****************************************************************************************
Solve the MIP problem using Benders Decomposition
Benders' cuts separated to cut off:  Only integer infeasible solutions.
Lazy constraint(s) or lazy constraint callback is present.
    Disabling dual reductions (CPX_PARAM_REDUCE) in presolve.
    Disabling non-linear reductions (CPX_PARAM_PRELINEAR) in presolve.
Selecte seed set by approx-Benders
g is a DAG: False
****************************************************************************************
Solve the MIP problem using Benders Decomposition
Benders' cuts separated to cut off:  Only integer infeasible solutions.
Lazy constraint(s) or lazy constraint callback is present.
    Disabling dual reductions (CPX_PARAM_REDUCE) in presolve.
    Disabling non-linear reductions (CPX_PARAM_PRELINEAR) in presolve.
Selecte seed set by approx-Benders
g is a DAG: False
****************************************************************************************
Solve the MIP problem using Benders Decomposition
Benders' cuts separated to cut off:  Only integer infeasible solutions.
Lazy constraint(s) or lazy constraint callback is present.
    Disabling dual reductions (CPX_PARAM_REDUCE) in presolve.
    Disabling non-linear reductions (CPX_PARAM_PRELINEAR) in presolve.
MIP emphasis: balance optimality and feasibility.
MIP search method: traditional branch-and-cut.
Parallel mode: none, using 1 thread.
MIP emphasis: balance optimality and feasibility.
MIP search method: traditional branch-and-cut.
Parallel mode: none, using 1 thread.
Selecte seed set by approx-Benders
g is a DAG: False
****************************************************************************************
Solve the MIP problem using Benders Decomposition
Benders' cuts separated to cut off:  Only integer infeasible solutions.
Lazy constraint(s) or lazy constraint callback is present.
    Disabling dual reductions (CPX_PARAM_REDUCE) in presolve.
    Disabling non-linear reductions (CPX_PARAM_PRELINEAR) in presolve.
Selecte seed set by approx-Benders
g is a DAG: False
****************************************************************************************
Solve the MIP problem using Benders Decomposition
Benders' cuts separated to cut off:  Only integer infeasible solutions.
Lazy constraint(s) or lazy constraint callback is present.
    Disabling dual reductions (CPX_PARAM_REDUCE) in presolve.
    Disabling non-linear reductions (CPX_PARAM_PRELINEAR) in presolve.
Selecte seed set by approx-Benders
g is a DAG: False
****************************************************************************************
Solve the MIP problem using Benders Decomposition
Benders' cuts separated to cut off:  Only integer infeasible solutions.
Lazy constraint(s) or lazy constraint callback is present.
    Disabling dual reductions (CPX_PARAM_REDUCE) in presolve.
    Disabling non-linear reductions (CPX_PARAM_PRELINEAR) in presolve.
MIP emphasis: balance optimality and feasibility.
MIP search method: traditional branch-and-cut.
Parallel mode: none, using 1 thread.
Root relaxation solution time = 0.66 sec. (241.86 ticks)

        Nodes                                         Cuts/
   Node  Left     Objective  IInf  Best Integer    Best Bound    ItCnt     Gap         Variable B NodeID Parent  Depth

      0     0    15460.7126    10                  15460.7126    15607         
Root relaxation solution time = 0.76 sec. (168.63 ticks)
MIP emphasis: balance optimality and feasibility.
MIP search method: traditional branch-and-cut.
Parallel mode: none, using 1 thread.
Selecte seed set by approx-Benders
g is a DAG: False
****************************************************************************************
Solve the MIP problem using Benders Decomposition
Benders' cuts separated to cut off:  Only integer infeasible solutions.
Lazy constraint(s) or lazy constraint callback is present.
    Disabling dual reductions (CPX_PARAM_REDUCE) in presolve.
    Disabling non-linear reductions (CPX_PARAM_PRELINEAR) in presolve.
MIP emphasis: balance optimality and feasibility.
MIP search method: traditional branch-and-cut.
Parallel mode: none, using 1 thread.
MIP emphasis: balance optimality and feasibility.
MIP search method: traditional branch-and-cut.
Parallel mode: none, using 1 thread.
Root relaxation solution time = 0.55 sec. (168.63 ticks)
MIP emphasis: balance optimality and feasibility.
MIP search method: traditional branch-and-cut.
Parallel mode: none, using 1 thread.
Selecte seed set by approx-Benders
g is a DAG: False
****************************************************************************************
Solve the MIP problem using Benders Decomposition
Benders' cuts separated to cut off:  Only integer infeasible solutions.
Lazy constraint(s) or lazy constraint callback is present.
    Disabling dual reductions (CPX_PARAM_REDUCE) in presolve.
    Disabling non-linear reductions (CPX_PARAM_PRELINEAR) in presolve.
MIP emphasis: balance optimality and feasibility.
MIP search method: traditional branch-and-cut.
Parallel mode: none, using 1 thread.
Selecte seed set by approx-Benders
g is a DAG: False
****************************************************************************************
Solve the MIP problem using Benders Decomposition
Benders' cuts separated to cut off:  Only integer infeasible solutions.
Lazy constraint(s) or lazy constraint callback is present.
    Disabling dual reductions (CPX_PARAM_REDUCE) in presolve.
    Disabling non-linear reductions (CPX_PARAM_PRELINEAR) in presolve.
Selecte seed set by approx-Benders
g is a DAG: False
****************************************************************************************
Solve the MIP problem using Benders Decomposition
Benders' cuts separated to cut off:  Only integer infeasible solutions.
Root relaxation solution time = 0.81 sec. (241.86 ticks)

        Nodes                                         Cuts/
   Node  Left     Objective  IInf  Best Integer    Best Bound    ItCnt     Gap         Variable B NodeID Parent  Depth

      0     0    15460.7126    10                  15460.7126    15607         
Lazy constraint(s) or lazy constraint callback is present.
    Disabling dual reductions (CPX_PARAM_REDUCE) in presolve.
    Disabling non-linear reductions (CPX_PARAM_PRELINEAR) in presolve.
MIP emphasis: balance optimality and feasibility.
MIP search method: traditional branch-and-cut.
Parallel mode: none, using 1 thread.
Selecte seed set by approx-Benders
g is a DAG: False
****************************************************************************************
Solve the MIP problem using Benders Decomposition
Benders' cuts separated to cut off:  Only integer infeasible solutions.
Lazy constraint(s) or lazy constraint callback is present.
    Disabling dual reductions (CPX_PARAM_REDUCE) in presolve.
    Disabling non-linear reductions (CPX_PARAM_PRELINEAR) in presolve.
Root relaxation solution time = 0.68 sec. (257.99 ticks)

        Nodes                                         Cuts/
   Node  Left     Objective  IInf  Best Integer    Best Bound    ItCnt     Gap         Variable B NodeID Parent  Depth

      0     0    15579.3818    18                  15579.3818    15617         
MIP emphasis: balance optimality and feasibility.
MIP search method: traditional branch-and-cut.
Parallel mode: none, using 1 thread.
Root relaxation solution time = 0.81 sec. (212.32 ticks)

        Nodes                                         Cuts/
   Node  Left     Objective  IInf  Best Integer    Best Bound    ItCnt     Gap         Variable B NodeID Parent  Depth

      0     0    15375.9924     6                  15375.9924    15511         
Selecte seed set by approx-Benders
g is a DAG: False
****************************************************************************************
Solve the MIP problem using Benders Decomposition
Benders' cuts separated to cut off:  Only integer infeasible solutions.
Root relaxation solution time = 0.79 sec. (191.96 ticks)
MIP emphasis: balance optimality and feasibility.
MIP search method: traditional branch-and-cut.
Parallel mode: none, using 1 thread.

        Nodes                                         Cuts/
   Node  Left     Objective  IInf  Best Integer    Best Bound    ItCnt     Gap         Variable B NodeID Parent  Depth

      0     0    15331.2656     3                  15331.2656    15459         
MIP emphasis: balance optimality and feasibility.
MIP search method: traditional branch-and-cut.
Parallel mode: none, using 1 thread.
Lazy constraint(s) or lazy constraint callback is present.
    Disabling dual reductions (CPX_PARAM_REDUCE) in presolve.
    Disabling non-linear reductions (CPX_PARAM_PRELINEAR) in presolve.
Selecte seed set by approx-Benders
g is a DAG: False
****************************************************************************************
Solve the MIP problem using Benders Decomposition
Benders' cuts separated to cut off:  Only integer infeasible solutions.
Lazy constraint(s) or lazy constraint callback is present.
    Disabling dual reductions (CPX_PARAM_REDUCE) in presolve.
    Disabling non-linear reductions (CPX_PARAM_PRELINEAR) in presolve.
MIP emphasis: balance optimality and feasibility.
MIP search method: traditional branch-and-cut.
Parallel mode: none, using 1 thread.
Selecte seed set by approx-Benders
g is a DAG: False
****************************************************************************************
Solve the MIP problem using Benders Decomposition
Benders' cuts separated to cut off:  Only integer infeasible solutions.
Lazy constraint(s) or lazy constraint callback is present.
    Disabling dual reductions (CPX_PARAM_REDUCE) in presolve.
    Disabling non-linear reductions (CPX_PARAM_PRELINEAR) in presolve.
Selecte seed set by approx-Benders
g is a DAG: False
****************************************************************************************
Solve the MIP problem using Benders Decomposition
Benders' cuts separated to cut off:  Only integer infeasible solutions.
Lazy constraint(s) or lazy constraint callback is present.
    Disabling dual reductions (CPX_PARAM_REDUCE) in presolve.
    Disabling non-linear reductions (CPX_PARAM_PRELINEAR) in presolve.
MIP emphasis: balance optimality and feasibility.
MIP search method: traditional branch-and-cut.
Parallel mode: none, using 1 thread.
Root relaxation solution time = 1.18 sec. (262.43 ticks)
Root relaxation solution time = 1.06 sec. (257.99 ticks)

        Nodes                                         Cuts/
   Node  Left     Objective  IInf  Best Integer    Best Bound    ItCnt     Gap         Variable B NodeID Parent  Depth

      0     0    15540.9404    16                  15540.9404    15627         
Selecte seed set by approx-Benders
g is a DAG: False
****************************************************************************************
Solve the MIP problem using Benders Decomposition
Benders' cuts separated to cut off:  Only integer infeasible solutions.

        Nodes                                         Cuts/
   Node  Left     Objective  IInf  Best Integer    Best Bound    ItCnt     Gap         Variable B NodeID Parent  Depth

      0     0    15579.3818    18                  15579.3818    15617         
Root relaxation solution time = 1.15 sec. (262.43 ticks)

        Nodes                                         Cuts/
   Node  Left     Objective  IInf  Best Integer    Best Bound    ItCnt     Gap         Variable B NodeID Parent  Depth

      0     0    15540.9404    16                  15540.9404    15627         
Lazy constraint(s) or lazy constraint callback is present.
    Disabling dual reductions (CPX_PARAM_REDUCE) in presolve.
    Disabling non-linear reductions (CPX_PARAM_PRELINEAR) in presolve.
Root relaxation solution time = 1.91 sec. (225.47 ticks)

        Nodes                                         Cuts/
   Node  Left     Objective  IInf  Best Integer    Best Bound    ItCnt     Gap         Variable B NodeID Parent  Depth

      0     0    15419.0450     7                  15419.0450    15549         
MIP emphasis: balance optimality and feasibility.
MIP search method: traditional branch-and-cut.
Parallel mode: none, using 1 thread.
MIP emphasis: balance optimality and feasibility.
MIP search method: traditional branch-and-cut.
Parallel mode: none, using 1 thread.
Root relaxation solution time = 1.29 sec. (254.03 ticks)

        Nodes                                         Cuts/
   Node  Left     Objective  IInf  Best Integer    Best Bound    ItCnt     Gap         Variable B NodeID Parent  Depth

      0     0    15501.2988    16                  15501.2988    15616         
Selecte seed set by approx-Benders
g is a DAG: False
****************************************************************************************
Solve the MIP problem using Benders Decomposition
Benders' cuts separated to cut off:  Only integer infeasible solutions.
Lazy constraint(s) or lazy constraint callback is present.
    Disabling dual reductions (CPX_PARAM_REDUCE) in presolve.
    Disabling non-linear reductions (CPX_PARAM_PRELINEAR) in presolve.
Selecte seed set by approx-Benders
g is a DAG: False
****************************************************************************************
Solve the MIP problem using Benders Decomposition
Benders' cuts separated to cut off:  Only integer infeasible solutions.
Lazy constraint(s) or lazy constraint callback is present.
    Disabling dual reductions (CPX_PARAM_REDUCE) in presolve.
    Disabling non-linear reductions (CPX_PARAM_PRELINEAR) in presolve.
Root relaxation solution time = 1.24 sec. (257.15 ticks)

        Nodes                                         Cuts/
   Node  Left     Objective  IInf  Best Integer    Best Bound    ItCnt     Gap         Variable B NodeID Parent  Depth

      0     0    15617.2064    21                  15617.2064    15559         
Root relaxation solution time = 0.91 sec. (257.99 ticks)
Root relaxation solution time = 1.06 sec. (225.47 ticks)

        Nodes                                         Cuts/
   Node  Left     Objective  IInf  Best Integer    Best Bound    ItCnt     Gap         Variable B NodeID Parent  Depth

      0     0    15419.0450     7                  15419.0450    15549         

        Nodes                                         Cuts/
   Node  Left     Objective  IInf  Best Integer    Best Bound    ItCnt     Gap         Variable B NodeID Parent  Depth

      0     0    15579.3818    18                  15579.3818    15617         
MIP emphasis: balance optimality and feasibility.
MIP search method: traditional branch-and-cut.
Parallel mode: none, using 1 thread.
Root relaxation solution time = 1.31 sec. (273.67 ticks)

        Nodes                                         Cuts/
   Node  Left     Objective  IInf  Best Integer    Best Bound    ItCnt     Gap         Variable B NodeID Parent  Depth

      0     0    15654.3820    26                  15654.3820    15637         
MIP emphasis: balance optimality and feasibility.
MIP search method: traditional branch-and-cut.
Parallel mode: none, using 1 thread.
MIP emphasis: balance optimality and feasibility.
MIP search method: traditional branch-and-cut.
Parallel mode: none, using 1 thread.
Root relaxation solution time = 0.90 sec. (168.63 ticks)
Root relaxation solution time = 1.15 sec. (225.47 ticks)

        Nodes                                         Cuts/
   Node  Left     Objective  IInf  Best Integer    Best Bound    ItCnt     Gap         Variable B NodeID Parent  Depth

      0     0    15419.0450     7                  15419.0450    15549         
Root relaxation solution time = 0.66 sec. (225.47 ticks)

        Nodes                                         Cuts/
   Node  Left     Objective  IInf  Best Integer    Best Bound    ItCnt     Gap         Variable B NodeID Parent  Depth

      0     0    15419.0450     7                  15419.0450    15549         
Root relaxation solution time = 1.16 sec. (262.43 ticks)

        Nodes                                         Cuts/
   Node  Left     Objective  IInf  Best Integer    Best Bound    ItCnt     Gap         Variable B NodeID Parent  Depth

      0     0    15540.9404    16                  15540.9404    15627         
Root relaxation solution time = 1.82 sec. (257.15 ticks)
Selecte seed set by approx-Benders
g is a DAG: False
****************************************************************************************
Solve the MIP problem using Benders Decomposition
Benders' cuts separated to cut off:  Only integer infeasible solutions.

        Nodes                                         Cuts/
   Node  Left     Objective  IInf  Best Integer    Best Bound    ItCnt     Gap         Variable B NodeID Parent  Depth

      0     0    15617.2064    21                  15617.2064    15559         
Lazy constraint(s) or lazy constraint callback is present.
    Disabling dual reductions (CPX_PARAM_REDUCE) in presolve.
    Disabling non-linear reductions (CPX_PARAM_PRELINEAR) in presolve.
Root relaxation solution time = 1.28 sec. (241.86 ticks)

        Nodes                                         Cuts/
   Node  Left     Objective  IInf  Best Integer    Best Bound    ItCnt     Gap         Variable B NodeID Parent  Depth

      0     0    15460.7126    10                  15460.7126    15607         
MIP emphasis: balance optimality and feasibility.
MIP search method: traditional branch-and-cut.
Parallel mode: none, using 1 thread.
Selecte seed set by approx-Benders
g is a DAG: False
****************************************************************************************
Solve the MIP problem using Benders Decomposition
Benders' cuts separated to cut off:  Only integer infeasible solutions.
Lazy constraint(s) or lazy constraint callback is present.
    Disabling dual reductions (CPX_PARAM_REDUCE) in presolve.
    Disabling non-linear reductions (CPX_PARAM_PRELINEAR) in presolve.
Selecte seed set by approx-Benders
g is a DAG: False
****************************************************************************************
Solve the MIP problem using Benders Decomposition
Benders' cuts separated to cut off:  Only integer infeasible solutions.
Lazy constraint(s) or lazy constraint callback is present.
    Disabling dual reductions (CPX_PARAM_REDUCE) in presolve.
    Disabling non-linear reductions (CPX_PARAM_PRELINEAR) in presolve.
MIP emphasis: balance optimality and feasibility.
MIP search method: traditional branch-and-cut.
Parallel mode: none, using 1 thread.
Root relaxation solution time = 1.88 sec. (191.96 ticks)

        Nodes                                         Cuts/
   Node  Left     Objective  IInf  Best Integer    Best Bound    ItCnt     Gap         Variable B NodeID Parent  Depth

      0     0    15331.2656     3                  15331.2656    15459         
MIP emphasis: balance optimality and feasibility.
MIP search method: traditional branch-and-cut.
Parallel mode: none, using 1 thread.
Selecte seed set by approx-Benders
g is a DAG: False
****************************************************************************************
Solve the MIP problem using Benders Decomposition
Benders' cuts separated to cut off:  Only integer infeasible solutions.
Lazy constraint(s) or lazy constraint callback is present.
    Disabling dual reductions (CPX_PARAM_REDUCE) in presolve.
    Disabling non-linear reductions (CPX_PARAM_PRELINEAR) in presolve.
Selecte seed set by approx-Benders
g is a DAG: False
****************************************************************************************
Solve the MIP problem using Benders Decomposition
Benders' cuts separated to cut off:  Only integer infeasible solutions.
Lazy constraint(s) or lazy constraint callback is present.
    Disabling dual reductions (CPX_PARAM_REDUCE) in presolve.
    Disabling non-linear reductions (CPX_PARAM_PRELINEAR) in presolve.
MIP emphasis: balance optimality and feasibility.
MIP search method: traditional branch-and-cut.
Parallel mode: none, using 1 thread.
Selecte seed set by approx-Benders
g is a DAG: False
****************************************************************************************
Solve the MIP problem using Benders Decomposition
Benders' cuts separated to cut off:  Only integer infeasible solutions.
Lazy constraint(s) or lazy constraint callback is present.
    Disabling dual reductions (CPX_PARAM_REDUCE) in presolve.
    Disabling non-linear reductions (CPX_PARAM_PRELINEAR) in presolve.
Root relaxation solution time = 2.66 sec. (262.43 ticks)

        Nodes                                         Cuts/
   Node  Left     Objective  IInf  Best Integer    Best Bound    ItCnt     Gap         Variable B NodeID Parent  Depth

      0     0    15540.9404    16                  15540.9404    15627         
MIP emphasis: balance optimality and feasibility.
MIP search method: traditional branch-and-cut.
Parallel mode: none, using 1 thread.
MIP emphasis: balance optimality and feasibility.
MIP search method: traditional branch-and-cut.
Parallel mode: none, using 1 thread.
Root relaxation solution time = 2.10 sec. (212.32 ticks)

        Nodes                                         Cuts/
   Node  Left     Objective  IInf  Best Integer    Best Bound    ItCnt     Gap         Variable B NodeID Parent  Depth

      0     0    15375.9924     6                  15375.9924    15511         

        Nodes                                         Cuts/
   Node  Left     Objective  IInf  Best Integer    Best Bound    ItCnt     Gap         Variable B NodeID Parent  Depth

      0     0      265.9456     5                  15283.8900    15388         

        Nodes                                         Cuts/
   Node  Left     Objective  IInf  Best Integer    Best Bound    ItCnt     Gap         Variable B NodeID Parent  Depth

      0     0      152.6271     5                  15283.8900    15388         
Root relaxation solution time = 2.58 sec. (257.15 ticks)

        Nodes                                         Cuts/
   Node  Left     Objective  IInf  Best Integer    Best Bound    ItCnt     Gap         Variable B NodeID Parent  Depth

      0     0    15617.2064    21                  15617.2064    15559         
Root relaxation solution time = 1.88 sec. (212.32 ticks)

        Nodes                                         Cuts/
   Node  Left     Objective  IInf  Best Integer    Best Bound    ItCnt     Gap         Variable B NodeID Parent  Depth

      0     0    15375.9924     6                  15375.9924    15511         
Root relaxation solution time = 2.73 sec. (273.67 ticks)

        Nodes                                         Cuts/
   Node  Left     Objective  IInf  Best Integer    Best Bound    ItCnt     Gap         Variable B NodeID Parent  Depth

      0     0    15654.3820    26                  15654.3820    15637         
Root relaxation solution time = 1.60 sec. (273.67 ticks)

        Nodes                                         Cuts/
   Node  Left     Objective  IInf  Best Integer    Best Bound    ItCnt     Gap         Variable B NodeID Parent  Depth

      0     0    15654.3820    26                  15654.3820    15637         
Root relaxation solution time = 2.44 sec. (257.15 ticks)

        Nodes                                         Cuts/
   Node  Left     Objective  IInf  Best Integer    Best Bound    ItCnt     Gap         Variable B NodeID Parent  Depth

      0     0    15617.2064    21                  15617.2064    15559         

        Nodes                                         Cuts/
   Node  Left     Objective  IInf  Best Integer    Best Bound    ItCnt     Gap         Variable B NodeID Parent  Depth

      0     0      389.7343     5                  15283.8900    15388         
*     0+    0                          562.6384    15501.2988    15616     --- 
      0     0      665.6998    25      562.6384      Cuts: 22    15640   18.32%
*     0+    0                          405.8168    15419.0450    15549     --- 
      0     0      478.8058    18      405.8168      Cuts: 15    15567   17.99%
*     0+    0                          479.7802    15460.7126    15607     --- 

        Nodes                                         Cuts/
   Node  Left     Objective  IInf  Best Integer    Best Bound    ItCnt     Gap         Variable B NodeID Parent  Depth

      0     0      523.5507     5                  15283.8900    15388         
      0     0      575.0968    21      479.7802      Cuts: 18    15628   19.87%
*     0+    0                          320.4814    15375.9924    15511     --- 
*     0+    0                          729.2192    15579.3818    15617     --- 
      0     0      374.7330    12      320.4814      Cuts: 11    15524   16.93%
      0     0      840.4426    33      729.2192      Cuts: 25    15648   15.25%
*     0+    0                          879.3876    15654.3820    15637     --- 
      0     0     1007.6147    40      879.3876      Cuts: 42    15690   14.58%
*     0+    0                          232.8504    15331.2656    15459     --- 
      0     0      265.7245    10      232.8504      Cuts: 10    15470   14.12%
*     0+    0                          803.6939    15617.2064    15559     --- 
      0     0      925.9428    38      803.6939      Cuts: 37    15616   15.21%
*     0+    0                          643.8080    15540.9404    15627     --- 
      0     0      755.3318    27      643.8080      Cuts: 23    15651   17.32%
*     0+    0                          130.4955      152.6271    15388   16.96%
*     0+    0                          445.3420      478.8058    15567    7.51%
      0     0      467.2273     8      445.3420      Cuts: 11    15582    4.91%
*     0+    0                          626.0985      665.6998    15640    6.33%
      0     0      466.7036     8      445.3420    MIRcuts: 1    15583    4.80%
      0     0      649.7795    11      626.0985      Cuts: 24    15666    3.78%
*     0+    0                          777.9320      840.4426    15648    8.04%
      0     0      824.6102    22      777.9320      Cuts: 29    15686    6.00%
      0     0      144.2264     2      130.4955       Cuts: 4    15389   10.52%
      0     0      643.6553    10      626.0985       Cuts: 4    15669    2.80%
*     0+    0                          540.9678      575.0968    15628    6.31%
